<?xml version="1.0" encoding="UTF-8"?>
<testng-results ignored="0" total="1" passed="0" failed="1" skipped="0">
  <reporter-output>
  </reporter-output>
  <suite started-at="2024-01-29T13:03:24 IST" name="CucumberTestSuite" finished-at="2024-01-29T13:05:08 IST" duration-ms="104023">
    <groups>
      <group name="cucumber">
        <method signature="AbstractTestNGCucumberTests.runScenario(io.cucumber.testng.PickleWrapper,io.cucumber.testng.FeatureWrapper)[pri:0, instance:runner.RunCuck@6f10d5b6]" name="runScenario" class="io.cucumber.testng.AbstractTestNGCucumberTests"/>
      </group> <!-- cucumber -->
    </groups>
    <test started-at="2024-01-29T13:03:24 IST" name="CucumberTest" finished-at="2024-01-29T13:05:08 IST" duration-ms="104023">
      <class name="runner.RunCuck">
        <test-method is-config="true" signature="setUpClass(org.testng.ITestContext)[pri:0, instance:runner.RunCuck@6f10d5b6]" started-at="2024-01-29T13:03:24 IST" name="setUpClass" finished-at="2024-01-29T13:03:24 IST" duration-ms="308" status="PASS">
          <params>
            <param index="0">
              <value>
                <![CDATA[org.testng.TestRunner@43a0a32d]]>
              </value>
            </param>
          </params>
          <reporter-output>
          </reporter-output>
        </test-method> <!-- setUpClass -->
        <test-method signature="runScenario(io.cucumber.testng.PickleWrapper,io.cucumber.testng.FeatureWrapper)[pri:0, instance:runner.RunCuck@6f10d5b6]" started-at="2024-01-29T13:03:24 IST" name="runScenario" description="Runs Cucumber Scenarios" data-provider="scenarios" finished-at="2024-01-29T13:05:08 IST" duration-ms="103658" status="FAIL">
          <params>
            <param index="0">
              <value>
                <![CDATA["adding the new employee"]]>
              </value>
            </param>
            <param index="1">
              <value>
                <![CDATA["Add new employe"]]>
              </value>
            </param>
          </params>
          <exception class="org.openqa.selenium.NoSuchElementException">
            <message>
              <![CDATA[Unable to find element with locator By.xpath: //*[text()='Sussess']
For documentation on this error, please visit: https://www.selenium.dev/documentation/webdriver/troubleshooting/errors#no-such-element-exception
Build info: version: '4.16.1', revision: '9b4c83354e'
System info: os.name: 'Windows 11', os.arch: 'amd64', os.version: '10.0', java.version: '20.0.1'
Driver info: driver.version: RemoteWebDriver]]>
            </message>
            <full-stacktrace>
              <![CDATA[org.openqa.selenium.NoSuchElementException: Unable to find element with locator By.xpath: //*[text()='Sussess']
For documentation on this error, please visit: https://www.selenium.dev/documentation/webdriver/troubleshooting/errors#no-such-element-exception
Build info: version: '4.16.1', revision: '9b4c83354e'
System info: os.name: 'Windows 11', os.arch: 'amd64', os.version: '10.0', java.version: '20.0.1'
Driver info: driver.version: RemoteWebDriver
at org.openqa.selenium.remote.ElementLocation$ElementFinder$2.findElement(ElementLocation.java:168)
at org.openqa.selenium.remote.ElementLocation.findElement(ElementLocation.java:59)
at org.openqa.selenium.remote.RemoteWebDriver.findElement(RemoteWebDriver.java:360)
at org.openqa.selenium.remote.RemoteWebDriver.findElement(RemoteWebDriver.java:354)
at org.openqa.selenium.support.pagefactory.DefaultElementLocator.findElement(DefaultElementLocator.java:68)
at org.openqa.selenium.support.pagefactory.internal.LocatingElementHandler.invoke(LocatingElementHandler.java:38)
at jdk.proxy2/jdk.proxy2.$Proxy24.isDisplayed(Unknown Source)
at pages.actions.AddEmployeeActions.readSuccessToastMsg(AddEmployeeActions.java:48)
at steps.AddEmployeeSteps.i_see_successfull_toast_message(AddEmployeeSteps.java:36)
at ✽.I see Successfull Toast Message(file:///D:/Coms.OrangeHRM.com/com.orangeHRM/src/test/resources/features/AddEmployee.feature:16)
]]>
            </full-stacktrace>
          </exception> <!-- org.openqa.selenium.NoSuchElementException -->
          <reporter-output>
          </reporter-output>
        </test-method> <!-- runScenario -->
        <test-method is-config="true" signature="tearDownClass()[pri:0, instance:runner.RunCuck@6f10d5b6]" started-at="2024-01-29T13:05:08 IST" name="tearDownClass" finished-at="2024-01-29T13:05:08 IST" duration-ms="3" status="PASS">
          <reporter-output>
          </reporter-output>
        </test-method> <!-- tearDownClass -->
      </class> <!-- runner.RunCuck -->
    </test> <!-- CucumberTest -->
  </suite> <!-- CucumberTestSuite -->
</testng-results>
